<?xml version="1.0" encoding="UTF-8"?>
<!-- Generated by org.testng.reporters.JUnitXMLReporter -->
<testsuite ignored="0" hostname="JEENIA" failures="0" tests="4" name="TestNG" time="40.172" errors="0" timestamp="2022-03-30T17:35:13 GMT-04:00">
  <testcase classname="TestLayer.LoginTest" name="title" time="0.032"/>
  <testcase classname="TestLayer.LoginTest" name="Login" time="2.249"/>
  <testcase classname="TestLayer.LoginTest" name="Login" time="2.354"/>
  <testcase classname="TestLayer.LoginTest" name="Login" time="2.216"/>
</testsuite> <!-- TestNG -->
