<?xml version="1.0" encoding="UTF-8"?>
<!-- Generated by org.testng.reporters.JUnitXMLReporter -->
<testsuite ignored="0" hostname="JEENIA" failures="0" tests="4" name="Default test" time="30.181" errors="0" timestamp="2022-03-30T14:26:23 GMT-04:00">
  <testcase classname="TestLayer.LoginTest" name="title" time="0.016"/>
  <testcase classname="TestLayer.LoginTest" name="Login" time="2.197"/>
  <testcase classname="TestLayer.LoginTest" name="Login" time="2.239"/>
  <testcase classname="TestLayer.LoginTest" name="Login" time="2.177"/>
</testsuite> <!-- Default test -->
