<?xml version="1.0" encoding="UTF-8"?>
<testng-results ignored="0" total="4" passed="4" failed="0" skipped="0">
  <reporter-output>
  </reporter-output>
  <suite started-at="2022-03-30T17:34:33 GMT-04:00" name="OrangeHRM" finished-at="2022-03-30T17:35:13 GMT-04:00" duration-ms="40172">
    <groups>
    </groups>
    <test started-at="2022-03-30T17:34:33 GMT-04:00" name="TestNG" finished-at="2022-03-30T17:35:13 GMT-04:00" duration-ms="40172">
      <class name="TestLayer.LoginTest">
        <test-method is-config="true" signature="initsetup()[pri:0, instance:TestLayer.LoginTest@359f7cdf]" started-at="2022-03-30T17:34:33 GMT-04:00" name="initsetup" finished-at="2022-03-30T17:34:44 GMT-04:00" duration-ms="10758" status="PASS">
          <reporter-output>
          </reporter-output>
        </test-method> <!-- initsetup -->
        <test-method signature="title()[pri:1, instance:TestLayer.LoginTest@359f7cdf]" started-at="2022-03-30T17:34:44 GMT-04:00" name="title" finished-at="2022-03-30T17:34:44 GMT-04:00" duration-ms="32" status="PASS">
          <reporter-output>
          </reporter-output>
        </test-method> <!-- title -->
        <test-method is-config="true" signature="close()[pri:0, instance:TestLayer.LoginTest@359f7cdf]" started-at="2022-03-30T17:34:44 GMT-04:00" name="close" finished-at="2022-03-30T17:34:45 GMT-04:00" duration-ms="671" status="PASS">
          <reporter-output>
          </reporter-output>
        </test-method> <!-- close -->
        <test-method is-config="true" signature="initsetup()[pri:0, instance:TestLayer.LoginTest@359f7cdf]" started-at="2022-03-30T17:34:46 GMT-04:00" name="initsetup" finished-at="2022-03-30T17:34:52 GMT-04:00" duration-ms="5191" status="PASS">
          <reporter-output>
          </reporter-output>
        </test-method> <!-- initsetup -->
        <test-method signature="Login(java.lang.String,java.lang.String)[pri:2, instance:TestLayer.LoginTest@359f7cdf]" started-at="2022-03-30T17:34:52 GMT-04:00" name="Login" data-provider="Details" finished-at="2022-03-30T17:34:54 GMT-04:00" duration-ms="2249" status="PASS">
          <params>
            <param index="0">
              <value>
                <![CDATA[Admin]]>
              </value>
            </param>
            <param index="1">
              <value>
                <![CDATA[admin123]]>
              </value>
            </param>
          </params>
          <reporter-output>
          </reporter-output>
        </test-method> <!-- Login -->
        <test-method is-config="true" signature="close()[pri:0, instance:TestLayer.LoginTest@359f7cdf]" started-at="2022-03-30T17:34:54 GMT-04:00" name="close" finished-at="2022-03-30T17:34:55 GMT-04:00" duration-ms="1021" status="PASS">
          <reporter-output>
          </reporter-output>
        </test-method> <!-- close -->
        <test-method is-config="true" signature="initsetup()[pri:0, instance:TestLayer.LoginTest@359f7cdf]" started-at="2022-03-30T17:34:55 GMT-04:00" name="initsetup" finished-at="2022-03-30T17:35:01 GMT-04:00" duration-ms="6416" status="PASS">
          <reporter-output>
          </reporter-output>
        </test-method> <!-- initsetup -->
        <test-method signature="Login(java.lang.String,java.lang.String)[pri:2, instance:TestLayer.LoginTest@359f7cdf]" started-at="2022-03-30T17:35:01 GMT-04:00" name="Login" data-provider="Details" finished-at="2022-03-30T17:35:04 GMT-04:00" duration-ms="2354" status="PASS">
          <params>
            <param index="0">
              <value>
                <![CDATA[Admin]]>
              </value>
            </param>
            <param index="1">
              <value>
                <![CDATA[abcd]]>
              </value>
            </param>
          </params>
          <reporter-output>
          </reporter-output>
        </test-method> <!-- Login -->
        <test-method is-config="true" signature="close()[pri:0, instance:TestLayer.LoginTest@359f7cdf]" started-at="2022-03-30T17:35:04 GMT-04:00" name="close" finished-at="2022-03-30T17:35:04 GMT-04:00" duration-ms="642" status="PASS">
          <reporter-output>
          </reporter-output>
        </test-method> <!-- close -->
        <test-method is-config="true" signature="initsetup()[pri:0, instance:TestLayer.LoginTest@359f7cdf]" started-at="2022-03-30T17:35:04 GMT-04:00" name="initsetup" finished-at="2022-03-30T17:35:09 GMT-04:00" duration-ms="5153" status="PASS">
          <reporter-output>
          </reporter-output>
        </test-method> <!-- initsetup -->
        <test-method signature="Login(java.lang.String,java.lang.String)[pri:2, instance:TestLayer.LoginTest@359f7cdf]" started-at="2022-03-30T17:35:09 GMT-04:00" name="Login" data-provider="Details" finished-at="2022-03-30T17:35:12 GMT-04:00" duration-ms="2216" status="PASS">
          <params>
            <param index="0">
              <value>
                <![CDATA[Scott]]>
              </value>
            </param>
            <param index="1">
              <value>
                <![CDATA[xyz]]>
              </value>
            </param>
          </params>
          <reporter-output>
          </reporter-output>
        </test-method> <!-- Login -->
        <test-method is-config="true" signature="close()[pri:0, instance:TestLayer.LoginTest@359f7cdf]" started-at="2022-03-30T17:35:12 GMT-04:00" name="close" finished-at="2022-03-30T17:35:13 GMT-04:00" duration-ms="1614" status="PASS">
          <reporter-output>
          </reporter-output>
        </test-method> <!-- close -->
      </class> <!-- TestLayer.LoginTest -->
    </test> <!-- TestNG -->
  </suite> <!-- OrangeHRM -->
</testng-results>
